{"C:\\Users\\David\\MyProjects\\portfolio\\assets\\components\\blog\\commentForm.vue": {"path":"C:\\Users\\David\\MyProjects\\portfolio\\assets\\components\\blog\\commentForm.vue","statementMap":{"0":{"start":{"line":41,"column":0},"end":{"line":41,"column":null}},"1":{"start":{"line":53,"column":0},"end":{"line":53,"column":null}},"2":{"start":{"line":54,"column":0},"end":{"line":54,"column":null}},"3":{"start":{"line":58,"column":0},"end":{"line":58,"column":null}},"4":{"start":{"line":59,"column":0},"end":{"line":59,"column":null}},"5":{"start":{"line":65,"column":0},"end":{"line":77,"column":null}},"6":{"start":{"line":66,"column":0},"end":{"line":66,"column":null}},"7":{"start":{"line":67,"column":0},"end":{"line":67,"column":null}},"8":{"start":{"line":69,"column":0},"end":{"line":69,"column":null}},"9":{"start":{"line":70,"column":0},"end":{"line":70,"column":null}},"10":{"start":{"line":71,"column":0},"end":{"line":71,"column":null}},"11":{"start":{"line":74,"column":0},"end":{"line":76,"column":null}},"12":{"start":{"line":75,"column":0},"end":{"line":75,"column":null}}},"fnMap":{"0":{"name":"(anonymous_1)","decl":{"start":{"line":40,"column":0},"end":{"line":40,"column":null}},"loc":{"start":{"line":40,"column":0},"end":{"line":49,"column":null}}},"1":{"name":"(anonymous_2)","decl":{"start":{"line":52,"column":0},"end":{"line":52,"column":null}},"loc":{"start":{"line":52,"column":0},"end":{"line":55,"column":null}}},"2":{"name":"(anonymous_3)","decl":{"start":{"line":53,"column":0},"end":{"line":53,"column":null}},"loc":{"start":{"line":53,"column":0},"end":{"line":53,"column":null}}},"3":{"name":"(anonymous_4)","decl":{"start":{"line":57,"column":0},"end":{"line":57,"column":null}},"loc":{"start":{"line":57,"column":0},"end":{"line":60,"column":null}}},"4":{"name":"(anonymous_5)","decl":{"start":{"line":58,"column":0},"end":{"line":58,"column":null}},"loc":{"start":{"line":58,"column":0},"end":{"line":58,"column":null}}},"5":{"name":"(anonymous_6)","decl":{"start":{"line":64,"column":0},"end":{"line":64,"column":null}},"loc":{"start":{"line":64,"column":0},"end":{"line":78,"column":null}}}},"branchMap":{"0":{"loc":{"start":{"line":74,"column":0},"end":{"line":76,"column":null}},"type":"if","locations":[{"start":{"line":74,"column":0},"end":{"line":76,"column":null}},{"start":{"line":74,"column":0},"end":{"line":76,"column":null}}]}},"s":{"0":1,"1":2,"2":2,"3":2,"4":2,"5":1,"6":1,"7":1,"8":1,"9":1,"10":1,"11":0,"12":0},"f":{"0":1,"1":2,"2":0,"3":2,"4":0,"5":1},"b":{"0":[0,0]}}
,"C:\\Users\\David\\MyProjects\\portfolio\\assets\\components\\blog\\comments.vue": {"path":"C:\\Users\\David\\MyProjects\\portfolio\\assets\\components\\blog\\comments.vue","statementMap":{"0":{"start":{"line":38,"column":0},"end":{"line":38,"column":null}},"1":{"start":{"line":39,"column":0},"end":{"line":39,"column":null}}},"fnMap":{},"branchMap":{},"s":{"0":0,"1":0},"f":{},"b":{}}
,"C:\\Users\\David\\MyProjects\\portfolio\\assets\\components\\blog\\flashMessage.vue": {"path":"C:\\Users\\David\\MyProjects\\portfolio\\assets\\components\\blog\\flashMessage.vue","statementMap":{"0":{"start":{"line":15,"column":0},"end":{"line":15,"column":null}}},"fnMap":{"0":{"name":"(anonymous_1)","decl":{"start":{"line":14,"column":0},"end":{"line":14,"column":null}},"loc":{"start":{"line":14,"column":0},"end":{"line":16,"column":null}}}},"branchMap":{},"s":{"0":0},"f":{"0":0},"b":{}}
,"C:\\Users\\David\\MyProjects\\portfolio\\assets\\components\\blog\\postsList.vue": {"path":"C:\\Users\\David\\MyProjects\\portfolio\\assets\\components\\blog\\postsList.vue","statementMap":{"0":{"start":{"line":9,"column":0},"end":{"line":9,"column":null}},"1":{"start":{"line":10,"column":0},"end":{"line":10,"column":null}},"2":{"start":{"line":16,"column":0},"end":{"line":16,"column":null}},"3":{"start":{"line":23,"column":0},"end":{"line":23,"column":null}},"4":{"start":{"line":35,"column":0},"end":{"line":41,"column":null}},"5":{"start":{"line":37,"column":0},"end":{"line":37,"column":null}},"6":{"start":{"line":40,"column":0},"end":{"line":40,"column":null}}},"fnMap":{"0":{"name":"(anonymous_6)","decl":{"start":{"line":15,"column":0},"end":{"line":15,"column":null}},"loc":{"start":{"line":15,"column":0},"end":{"line":19,"column":null}}},"1":{"name":"(anonymous_7)","decl":{"start":{"line":22,"column":0},"end":{"line":22,"column":null}},"loc":{"start":{"line":22,"column":0},"end":{"line":24,"column":null}}},"2":{"name":"(anonymous_8)","decl":{"start":{"line":33,"column":0},"end":{"line":33,"column":null}},"loc":{"start":{"line":33,"column":0},"end":{"line":45,"column":null}}}},"branchMap":{},"s":{"0":0,"1":0,"2":0,"3":0,"4":0,"5":0,"6":0},"f":{"0":0,"1":0,"2":0},"b":{}}
,"C:\\Users\\David\\MyProjects\\portfolio\\assets\\components\\blog\\tagSearch.vue": {"path":"C:\\Users\\David\\MyProjects\\portfolio\\assets\\components\\blog\\tagSearch.vue","statementMap":{"0":{"start":{"line":17,"column":0},"end":{"line":17,"column":null}},"1":{"start":{"line":22,"column":0},"end":{"line":22,"column":null}},"2":{"start":{"line":29,"column":0},"end":{"line":29,"column":null}},"3":{"start":{"line":32,"column":0},"end":{"line":32,"column":null}},"4":{"start":{"line":33,"column":0},"end":{"line":33,"column":null}},"5":{"start":{"line":34,"column":0},"end":{"line":34,"column":null}},"6":{"start":{"line":35,"column":0},"end":{"line":35,"column":null}},"7":{"start":{"line":39,"column":0},"end":{"line":45,"column":null}},"8":{"start":{"line":39,"column":0},"end":{"line":39,"column":null}},"9":{"start":{"line":40,"column":0},"end":{"line":44,"column":null}},"10":{"start":{"line":41,"column":0},"end":{"line":41,"column":null}},"11":{"start":{"line":42,"column":0},"end":{"line":42,"column":null}},"12":{"start":{"line":43,"column":0},"end":{"line":43,"column":null}},"13":{"start":{"line":48,"column":0},"end":{"line":54,"column":null}},"14":{"start":{"line":48,"column":0},"end":{"line":48,"column":null}},"15":{"start":{"line":49,"column":0},"end":{"line":53,"column":null}},"16":{"start":{"line":50,"column":0},"end":{"line":50,"column":null}},"17":{"start":{"line":51,"column":0},"end":{"line":51,"column":null}},"18":{"start":{"line":52,"column":0},"end":{"line":52,"column":null}},"19":{"start":{"line":59,"column":0},"end":{"line":59,"column":null}},"20":{"start":{"line":60,"column":0},"end":{"line":60,"column":null}}},"fnMap":{"0":{"name":"(anonymous_1)","decl":{"start":{"line":21,"column":0},"end":{"line":21,"column":null}},"loc":{"start":{"line":21,"column":0},"end":{"line":26,"column":null}}},"1":{"name":"(anonymous_2)","decl":{"start":{"line":28,"column":0},"end":{"line":28,"column":null}},"loc":{"start":{"line":28,"column":0},"end":{"line":30,"column":null}}},"2":{"name":"(anonymous_3)","decl":{"start":{"line":31,"column":0},"end":{"line":31,"column":null}},"loc":{"start":{"line":31,"column":0},"end":{"line":36,"column":null}}},"3":{"name":"(anonymous_4)","decl":{"start":{"line":37,"column":0},"end":{"line":37,"column":null}},"loc":{"start":{"line":37,"column":0},"end":{"line":46,"column":null}}},"4":{"name":"(anonymous_5)","decl":{"start":{"line":47,"column":0},"end":{"line":47,"column":null}},"loc":{"start":{"line":47,"column":0},"end":{"line":55,"column":null}}},"5":{"name":"(anonymous_6)","decl":{"start":{"line":58,"column":0},"end":{"line":58,"column":null}},"loc":{"start":{"line":58,"column":0},"end":{"line":61,"column":null}}}},"branchMap":{"0":{"loc":{"start":{"line":40,"column":0},"end":{"line":44,"column":null}},"type":"if","locations":[{"start":{"line":40,"column":0},"end":{"line":44,"column":null}},{"start":{"line":40,"column":0},"end":{"line":44,"column":null}}]},"1":{"loc":{"start":{"line":49,"column":0},"end":{"line":53,"column":null}},"type":"if","locations":[{"start":{"line":49,"column":0},"end":{"line":53,"column":null}},{"start":{"line":49,"column":0},"end":{"line":53,"column":null}}]}},"s":{"0":1,"1":2,"2":0,"3":5,"4":5,"5":5,"6":5,"7":0,"8":0,"9":0,"10":0,"11":0,"12":0,"13":0,"14":0,"15":0,"16":0,"17":0,"18":0,"19":2,"20":2},"f":{"0":2,"1":0,"2":5,"3":0,"4":0,"5":2},"b":{"0":[0,0],"1":[0,0]}}
,"C:\\Users\\David\\MyProjects\\portfolio\\assets\\components\\contact\\contactForm.vue": {"path":"C:\\Users\\David\\MyProjects\\portfolio\\assets\\components\\contact\\contactForm.vue","statementMap":{"0":{"start":{"line":68,"column":0},"end":{"line":68,"column":null}},"1":{"start":{"line":73,"column":0},"end":{"line":73,"column":null}},"2":{"start":{"line":88,"column":0},"end":{"line":88,"column":null}},"3":{"start":{"line":89,"column":0},"end":{"line":89,"column":null}},"4":{"start":{"line":91,"column":0},"end":{"line":118,"column":null}},"5":{"start":{"line":100,"column":0},"end":{"line":100,"column":null}},"6":{"start":{"line":101,"column":0},"end":{"line":101,"column":null}},"7":{"start":{"line":103,"column":0},"end":{"line":105,"column":null}},"8":{"start":{"line":104,"column":0},"end":{"line":104,"column":null}},"9":{"start":{"line":107,"column":0},"end":{"line":107,"column":null}},"10":{"start":{"line":110,"column":0},"end":{"line":110,"column":null}},"11":{"start":{"line":112,"column":0},"end":{"line":116,"column":null}},"12":{"start":{"line":113,"column":0},"end":{"line":113,"column":null}},"13":{"start":{"line":115,"column":0},"end":{"line":115,"column":null}}},"fnMap":{"0":{"name":"(anonymous_1)","decl":{"start":{"line":72,"column":0},"end":{"line":72,"column":null}},"loc":{"start":{"line":72,"column":0},"end":{"line":85,"column":null}}},"1":{"name":"(anonymous_2)","decl":{"start":{"line":87,"column":0},"end":{"line":87,"column":null}},"loc":{"start":{"line":87,"column":0},"end":{"line":119,"column":null}}},"2":{"name":"(anonymous_3)","decl":{"start":{"line":91,"column":0},"end":{"line":91,"column":null}},"loc":{"start":{"line":91,"column":0},"end":{"line":108,"column":null}}},"3":{"name":"(anonymous_4)","decl":{"start":{"line":103,"column":0},"end":{"line":103,"column":null}},"loc":{"start":{"line":103,"column":0},"end":{"line":105,"column":null}}},"4":{"name":"(anonymous_5)","decl":{"start":{"line":108,"column":0},"end":{"line":108,"column":null}},"loc":{"start":{"line":108,"column":0},"end":{"line":118,"column":null}}}},"branchMap":{"0":{"loc":{"start":{"line":112,"column":0},"end":{"line":116,"column":null}},"type":"if","locations":[{"start":{"line":112,"column":0},"end":{"line":116,"column":null}},{"start":{"line":112,"column":0},"end":{"line":116,"column":null}}]}},"s":{"0":0,"1":0,"2":0,"3":0,"4":0,"5":0,"6":0,"7":0,"8":0,"9":0,"10":0,"11":0,"12":0,"13":0},"f":{"0":0,"1":0,"2":0,"3":0,"4":0},"b":{"0":[0,0]}}
,"C:\\Users\\David\\MyProjects\\portfolio\\assets\\components\\navigation\\breadCrumb.vue": {"path":"C:\\Users\\David\\MyProjects\\portfolio\\assets\\components\\navigation\\breadCrumb.vue","statementMap":{"0":{"start":{"line":26,"column":0},"end":{"line":26,"column":null}},"1":{"start":{"line":29,"column":0},"end":{"line":29,"column":null}},"2":{"start":{"line":35,"column":0},"end":{"line":43,"column":null}},"3":{"start":{"line":36,"column":0},"end":{"line":36,"column":null}},"4":{"start":{"line":37,"column":0},"end":{"line":37,"column":null}},"5":{"start":{"line":38,"column":0},"end":{"line":43,"column":null}},"6":{"start":{"line":39,"column":0},"end":{"line":39,"column":null}},"7":{"start":{"line":40,"column":0},"end":{"line":43,"column":null}},"8":{"start":{"line":41,"column":0},"end":{"line":41,"column":null}},"9":{"start":{"line":42,"column":0},"end":{"line":42,"column":null}}},"fnMap":{"0":{"name":"(anonymous_1)","decl":{"start":{"line":25,"column":0},"end":{"line":25,"column":null}},"loc":{"start":{"line":25,"column":0},"end":{"line":27,"column":null}}},"1":{"name":"(anonymous_2)","decl":{"start":{"line":28,"column":0},"end":{"line":28,"column":null}},"loc":{"start":{"line":28,"column":0},"end":{"line":30,"column":null}}},"2":{"name":"(anonymous_3)","decl":{"start":{"line":34,"column":0},"end":{"line":34,"column":null}},"loc":{"start":{"line":34,"column":0},"end":{"line":44,"column":null}}},"3":{"name":"(anonymous_4)","decl":{"start":{"line":45,"column":0},"end":{"line":45,"column":null}},"loc":{"start":{"line":45,"column":0},"end":{"line":47,"column":null}}}},"branchMap":{"0":{"loc":{"start":{"line":35,"column":0},"end":{"line":43,"column":null}},"type":"if","locations":[{"start":{"line":35,"column":0},"end":{"line":43,"column":null}},{"start":{"line":35,"column":0},"end":{"line":43,"column":null}}]},"1":{"loc":{"start":{"line":35,"column":0},"end":{"line":35,"column":null}},"type":"binary-expr","locations":[{"start":{"line":35,"column":0},"end":{"line":35,"column":null}},{"start":{"line":35,"column":0},"end":{"line":35,"column":null}}]},"2":{"loc":{"start":{"line":38,"column":0},"end":{"line":43,"column":null}},"type":"if","locations":[{"start":{"line":38,"column":0},"end":{"line":43,"column":null}},{"start":{"line":38,"column":0},"end":{"line":43,"column":null}}]},"3":{"loc":{"start":{"line":40,"column":0},"end":{"line":43,"column":null}},"type":"if","locations":[{"start":{"line":40,"column":0},"end":{"line":43,"column":null}},{"start":{"line":40,"column":0},"end":{"line":43,"column":null}}]}},"s":{"0":0,"1":0,"2":0,"3":0,"4":0,"5":0,"6":0,"7":0,"8":0,"9":0},"f":{"0":0,"1":0,"2":0,"3":0},"b":{"0":[0,0],"1":[0,0],"2":[0,0],"3":[0,0]}}
,"C:\\Users\\David\\MyProjects\\portfolio\\assets\\components\\navigation\\pagination.vue": {"path":"C:\\Users\\David\\MyProjects\\portfolio\\assets\\components\\navigation\\pagination.vue","statementMap":{"0":{"start":{"line":22,"column":0},"end":{"line":22,"column":null}},"1":{"start":{"line":28,"column":0},"end":{"line":28,"column":null}},"2":{"start":{"line":29,"column":0},"end":{"line":34,"column":null}},"3":{"start":{"line":29,"column":0},"end":{"line":29,"column":null}},"4":{"start":{"line":30,"column":0},"end":{"line":30,"column":null}},"5":{"start":{"line":35,"column":0},"end":{"line":35,"column":null}},"6":{"start":{"line":38,"column":0},"end":{"line":38,"column":null}},"7":{"start":{"line":42,"column":0},"end":{"line":42,"column":null}},"8":{"start":{"line":46,"column":0},"end":{"line":46,"column":null}},"9":{"start":{"line":50,"column":0},"end":{"line":50,"column":null}},"10":{"start":{"line":51,"column":0},"end":{"line":51,"column":null}},"11":{"start":{"line":56,"column":0},"end":{"line":56,"column":null}},"12":{"start":{"line":57,"column":0},"end":{"line":57,"column":null}},"13":{"start":{"line":60,"column":0},"end":{"line":60,"column":null}},"14":{"start":{"line":61,"column":0},"end":{"line":61,"column":null}},"15":{"start":{"line":64,"column":0},"end":{"line":64,"column":null}},"16":{"start":{"line":65,"column":0},"end":{"line":65,"column":null}},"17":{"start":{"line":68,"column":0},"end":{"line":68,"column":null}}},"fnMap":{"0":{"name":"(anonymous_1)","decl":{"start":{"line":21,"column":0},"end":{"line":21,"column":null}},"loc":{"start":{"line":21,"column":0},"end":{"line":25,"column":null}}},"1":{"name":"(anonymous_2)","decl":{"start":{"line":27,"column":0},"end":{"line":27,"column":null}},"loc":{"start":{"line":27,"column":0},"end":{"line":36,"column":null}}},"2":{"name":"(anonymous_3)","decl":{"start":{"line":37,"column":0},"end":{"line":37,"column":null}},"loc":{"start":{"line":37,"column":0},"end":{"line":39,"column":null}}},"3":{"name":"(anonymous_4)","decl":{"start":{"line":41,"column":0},"end":{"line":41,"column":null}},"loc":{"start":{"line":41,"column":0},"end":{"line":43,"column":null}}},"4":{"name":"(anonymous_5)","decl":{"start":{"line":45,"column":0},"end":{"line":45,"column":null}},"loc":{"start":{"line":45,"column":0},"end":{"line":47,"column":null}}},"5":{"name":"(anonymous_6)","decl":{"start":{"line":48,"column":0},"end":{"line":48,"column":null}},"loc":{"start":{"line":48,"column":0},"end":{"line":52,"column":null}}},"6":{"name":"(anonymous_7)","decl":{"start":{"line":55,"column":0},"end":{"line":55,"column":null}},"loc":{"start":{"line":55,"column":0},"end":{"line":58,"column":null}}},"7":{"name":"(anonymous_8)","decl":{"start":{"line":59,"column":0},"end":{"line":59,"column":null}},"loc":{"start":{"line":59,"column":0},"end":{"line":62,"column":null}}},"8":{"name":"(anonymous_9)","decl":{"start":{"line":63,"column":0},"end":{"line":63,"column":null}},"loc":{"start":{"line":63,"column":0},"end":{"line":66,"column":null}}},"9":{"name":"(anonymous_10)","decl":{"start":{"line":67,"column":0},"end":{"line":67,"column":null}},"loc":{"start":{"line":67,"column":0},"end":{"line":69,"column":null}}}},"branchMap":{},"s":{"0":0,"1":0,"2":0,"3":0,"4":0,"5":0,"6":0,"7":0,"8":0,"9":0,"10":0,"11":0,"12":0,"13":0,"14":0,"15":0,"16":0,"17":0},"f":{"0":0,"1":0,"2":0,"3":0,"4":0,"5":0,"6":0,"7":0,"8":0,"9":0},"b":{}}
,"C:\\Users\\David\\MyProjects\\portfolio\\assets\\components\\notfound\\notFound.vue": {"path":"C:\\Users\\David\\MyProjects\\portfolio\\assets\\components\\notfound\\notFound.vue","statementMap":{"0":{"start":{"line":11,"column":0},"end":{"line":11,"column":null}}},"fnMap":{"0":{"name":"(anonymous_1)","decl":{"start":{"line":10,"column":0},"end":{"line":10,"column":null}},"loc":{"start":{"line":10,"column":0},"end":{"line":14,"column":null}}}},"branchMap":{},"s":{"0":1},"f":{"0":1},"b":{}}
,"C:\\Users\\David\\MyProjects\\portfolio\\assets\\components\\security\\login.vue": {"path":"C:\\Users\\David\\MyProjects\\portfolio\\assets\\components\\security\\login.vue","statementMap":{"0":{"start":{"line":21,"column":0},"end":{"line":21,"column":null}},"1":{"start":{"line":26,"column":0},"end":{"line":26,"column":null}},"2":{"start":{"line":35,"column":0},"end":{"line":46,"column":null}},"3":{"start":{"line":36,"column":0},"end":{"line":36,"column":null}},"4":{"start":{"line":38,"column":0},"end":{"line":38,"column":null}},"5":{"start":{"line":39,"column":0},"end":{"line":39,"column":null}},"6":{"start":{"line":41,"column":0},"end":{"line":45,"column":null}},"7":{"start":{"line":42,"column":0},"end":{"line":42,"column":null}},"8":{"start":{"line":44,"column":0},"end":{"line":44,"column":null}}},"fnMap":{"0":{"name":"(anonymous_1)","decl":{"start":{"line":25,"column":0},"end":{"line":25,"column":null}},"loc":{"start":{"line":25,"column":0},"end":{"line":31,"column":null}}},"1":{"name":"(anonymous_2)","decl":{"start":{"line":34,"column":0},"end":{"line":34,"column":null}},"loc":{"start":{"line":34,"column":0},"end":{"line":47,"column":null}}}},"branchMap":{"0":{"loc":{"start":{"line":41,"column":0},"end":{"line":45,"column":null}},"type":"if","locations":[{"start":{"line":41,"column":0},"end":{"line":45,"column":null}},{"start":{"line":41,"column":0},"end":{"line":45,"column":null}}]}},"s":{"0":0,"1":0,"2":0,"3":0,"4":0,"5":0,"6":0,"7":0,"8":0},"f":{"0":0,"1":0},"b":{"0":[0,0]}}
,"C:\\Users\\David\\MyProjects\\portfolio\\assets\\components\\skills\\framework.vue": {"path":"C:\\Users\\David\\MyProjects\\portfolio\\assets\\components\\skills\\framework.vue","statementMap":{"0":{"start":{"line":12,"column":0},"end":{"line":12,"column":null}},"1":{"start":{"line":13,"column":0},"end":{"line":24,"column":null}},"2":{"start":{"line":35,"column":0},"end":{"line":35,"column":null}},"3":{"start":{"line":42,"column":0},"end":{"line":46,"column":null}},"4":{"start":{"line":43,"column":0},"end":{"line":43,"column":null}},"5":{"start":{"line":44,"column":0},"end":{"line":44,"column":null}},"6":{"start":{"line":45,"column":0},"end":{"line":45,"column":null}},"7":{"start":{"line":51,"column":0},"end":{"line":51,"column":null}}},"fnMap":{"0":{"name":"(anonymous_1)","decl":{"start":{"line":34,"column":0},"end":{"line":34,"column":null}},"loc":{"start":{"line":34,"column":0},"end":{"line":38,"column":null}}},"1":{"name":"(anonymous_2)","decl":{"start":{"line":41,"column":0},"end":{"line":41,"column":null}},"loc":{"start":{"line":41,"column":0},"end":{"line":47,"column":null}}},"2":{"name":"(anonymous_3)","decl":{"start":{"line":50,"column":0},"end":{"line":50,"column":null}},"loc":{"start":{"line":50,"column":0},"end":{"line":53,"column":null}}}},"branchMap":{"0":{"loc":{"start":{"line":42,"column":0},"end":{"line":46,"column":null}},"type":"if","locations":[{"start":{"line":42,"column":0},"end":{"line":46,"column":null}},{"start":{"line":42,"column":0},"end":{"line":46,"column":null}}]}},"s":{"0":0,"1":0,"2":0,"3":0,"4":0,"5":0,"6":0,"7":0},"f":{"0":0,"1":0,"2":0},"b":{"0":[0,0]}}
,"C:\\Users\\David\\MyProjects\\portfolio\\assets\\components\\skills\\language.vue": {"path":"C:\\Users\\David\\MyProjects\\portfolio\\assets\\components\\skills\\language.vue","statementMap":{"0":{"start":{"line":12,"column":0},"end":{"line":12,"column":null}},"1":{"start":{"line":13,"column":0},"end":{"line":29,"column":null}},"2":{"start":{"line":39,"column":0},"end":{"line":39,"column":null}},"3":{"start":{"line":46,"column":0},"end":{"line":50,"column":null}},"4":{"start":{"line":47,"column":0},"end":{"line":47,"column":null}},"5":{"start":{"line":48,"column":0},"end":{"line":48,"column":null}},"6":{"start":{"line":49,"column":0},"end":{"line":49,"column":null}},"7":{"start":{"line":55,"column":0},"end":{"line":55,"column":null}}},"fnMap":{"0":{"name":"(anonymous_1)","decl":{"start":{"line":38,"column":0},"end":{"line":38,"column":null}},"loc":{"start":{"line":38,"column":0},"end":{"line":42,"column":null}}},"1":{"name":"(anonymous_2)","decl":{"start":{"line":45,"column":0},"end":{"line":45,"column":null}},"loc":{"start":{"line":45,"column":0},"end":{"line":51,"column":null}}},"2":{"name":"(anonymous_3)","decl":{"start":{"line":54,"column":0},"end":{"line":54,"column":null}},"loc":{"start":{"line":54,"column":0},"end":{"line":56,"column":null}}}},"branchMap":{"0":{"loc":{"start":{"line":46,"column":0},"end":{"line":50,"column":null}},"type":"if","locations":[{"start":{"line":46,"column":0},"end":{"line":50,"column":null}},{"start":{"line":46,"column":0},"end":{"line":50,"column":null}}]}},"s":{"0":0,"1":0,"2":0,"3":0,"4":0,"5":0,"6":0,"7":0},"f":{"0":0,"1":0,"2":0},"b":{"0":[0,0]}}
,"C:\\Users\\David\\MyProjects\\portfolio\\assets\\components\\skills\\tool.vue": {"path":"C:\\Users\\David\\MyProjects\\portfolio\\assets\\components\\skills\\tool.vue","statementMap":{"0":{"start":{"line":12,"column":0},"end":{"line":12,"column":null}},"1":{"start":{"line":13,"column":0},"end":{"line":39,"column":null}},"2":{"start":{"line":50,"column":0},"end":{"line":50,"column":null}},"3":{"start":{"line":57,"column":0},"end":{"line":61,"column":null}},"4":{"start":{"line":58,"column":0},"end":{"line":58,"column":null}},"5":{"start":{"line":59,"column":0},"end":{"line":59,"column":null}},"6":{"start":{"line":60,"column":0},"end":{"line":60,"column":null}},"7":{"start":{"line":66,"column":0},"end":{"line":66,"column":null}}},"fnMap":{"0":{"name":"(anonymous_1)","decl":{"start":{"line":49,"column":0},"end":{"line":49,"column":null}},"loc":{"start":{"line":49,"column":0},"end":{"line":53,"column":null}}},"1":{"name":"(anonymous_2)","decl":{"start":{"line":56,"column":0},"end":{"line":56,"column":null}},"loc":{"start":{"line":56,"column":0},"end":{"line":62,"column":null}}},"2":{"name":"(anonymous_3)","decl":{"start":{"line":65,"column":0},"end":{"line":65,"column":null}},"loc":{"start":{"line":65,"column":0},"end":{"line":68,"column":null}}}},"branchMap":{"0":{"loc":{"start":{"line":57,"column":0},"end":{"line":61,"column":null}},"type":"if","locations":[{"start":{"line":57,"column":0},"end":{"line":61,"column":null}},{"start":{"line":57,"column":0},"end":{"line":61,"column":null}}]}},"s":{"0":0,"1":0,"2":0,"3":0,"4":0,"5":0,"6":0,"7":0},"f":{"0":0,"1":0,"2":0},"b":{"0":[0,0]}}
,"C:\\Users\\David\\MyProjects\\portfolio\\assets\\store\\modules\\postDetails.js": {"path":"C:\\Users\\David\\MyProjects\\portfolio\\assets\\store\\modules\\postDetails.js","statementMap":{"0":{"start":{"line":14,"column":12},"end":{"line":14,"column":30}},"1":{"start":{"line":20,"column":27},"end":{"line":20,"column":60}},"2":{"start":{"line":21,"column":26},"end":{"line":21,"column":39}},"3":{"start":{"line":23,"column":12},"end":{"line":23,"column":40}},"4":{"start":{"line":26,"column":27},"end":{"line":26,"column":64}},"5":{"start":{"line":27,"column":29},"end":{"line":27,"column":42}},"6":{"start":{"line":29,"column":12},"end":{"line":29,"column":46}},"7":{"start":{"line":34,"column":12},"end":{"line":34,"column":45}},"8":{"start":{"line":35,"column":12},"end":{"line":35,"column":49}},"9":{"start":{"line":36,"column":12},"end":{"line":36,"column":51}},"10":{"start":{"line":39,"column":12},"end":{"line":39,"column":52}}},"fnMap":{"0":{"name":"(anonymous_0)","decl":{"start":{"line":13,"column":17},"end":{"line":13,"column":18}},"loc":{"start":{"line":13,"column":34},"end":{"line":15,"column":9}},"line":13},"1":{"name":"(anonymous_1)","decl":{"start":{"line":18,"column":26},"end":{"line":18,"column":27}},"loc":{"start":{"line":18,"column":59},"end":{"line":24,"column":9}},"line":18},"2":{"name":"(anonymous_2)","decl":{"start":{"line":25,"column":21},"end":{"line":25,"column":22}},"loc":{"start":{"line":25,"column":57},"end":{"line":30,"column":9}},"line":25},"3":{"name":"(anonymous_3)","decl":{"start":{"line":33,"column":18},"end":{"line":33,"column":19}},"loc":{"start":{"line":33,"column":44},"end":{"line":37,"column":9}},"line":33},"4":{"name":"(anonymous_4)","decl":{"start":{"line":38,"column":21},"end":{"line":38,"column":22}},"loc":{"start":{"line":38,"column":50},"end":{"line":40,"column":9}},"line":38}},"branchMap":{},"s":{"0":0,"1":0,"2":0,"3":0,"4":1,"5":1,"6":1,"7":0,"8":0,"9":0,"10":0},"f":{"0":0,"1":0,"2":1,"3":0,"4":0},"b":{},"_coverageSchema":"332fd63041d2c1bcb487cc26dd0d5f7d97098a6c","hash":"2f100646a5f01ca1345346c32cf44e528f4096dc"}
,"C:\\Users\\David\\MyProjects\\portfolio\\assets\\utils\\filters.js": {"path":"C:\\Users\\David\\MyProjects\\portfolio\\assets\\utils\\filters.js","statementMap":{"0":{"start":{"line":4,"column":4},"end":{"line":4,"column":56}},"1":{"start":{"line":6,"column":4},"end":{"line":6,"column":34}}},"fnMap":{"0":{"name":"truncate","decl":{"start":{"line":1,"column":24},"end":{"line":1,"column":32}},"loc":{"start":{"line":2,"column":0},"end":{"line":7,"column":1}},"line":2}},"branchMap":{},"s":{"0":1,"1":1},"f":{"0":1},"b":{},"_coverageSchema":"332fd63041d2c1bcb487cc26dd0d5f7d97098a6c","hash":"0196a9e53960abde11373b96c66f20b70e44d640"}
,"C:\\Users\\David\\MyProjects\\portfolio\\assets\\views\\admin\\createPost.vue": {"path":"C:\\Users\\David\\MyProjects\\portfolio\\assets\\views\\admin\\createPost.vue","statementMap":{"0":{"start":{"line":27,"column":0},"end":{"line":27,"column":null}},"1":{"start":{"line":28,"column":0},"end":{"line":28,"column":null}},"2":{"start":{"line":35,"column":0},"end":{"line":35,"column":null}},"3":{"start":{"line":49,"column":0},"end":{"line":49,"column":null}},"4":{"start":{"line":51,"column":0},"end":{"line":62,"column":null}},"5":{"start":{"line":52,"column":0},"end":{"line":52,"column":null}},"6":{"start":{"line":53,"column":0},"end":{"line":53,"column":null}},"7":{"start":{"line":54,"column":0},"end":{"line":54,"column":null}},"8":{"start":{"line":56,"column":0},"end":{"line":61,"column":null}},"9":{"start":{"line":57,"column":0},"end":{"line":57,"column":null}},"10":{"start":{"line":58,"column":0},"end":{"line":58,"column":null}},"11":{"start":{"line":60,"column":0},"end":{"line":60,"column":null}},"12":{"start":{"line":67,"column":0},"end":{"line":76,"column":null}},"13":{"start":{"line":69,"column":0},"end":{"line":71,"column":null}},"14":{"start":{"line":70,"column":0},"end":{"line":70,"column":null}},"15":{"start":{"line":73,"column":0},"end":{"line":73,"column":null}},"16":{"start":{"line":75,"column":0},"end":{"line":75,"column":null}},"17":{"start":{"line":80,"column":0},"end":{"line":80,"column":null}}},"fnMap":{"0":{"name":"(anonymous_1)","decl":{"start":{"line":34,"column":0},"end":{"line":34,"column":null}},"loc":{"start":{"line":34,"column":0},"end":{"line":44,"column":null}}},"1":{"name":"(anonymous_2)","decl":{"start":{"line":47,"column":0},"end":{"line":47,"column":null}},"loc":{"start":{"line":47,"column":0},"end":{"line":63,"column":null}}},"2":{"name":"(anonymous_3)","decl":{"start":{"line":65,"column":0},"end":{"line":65,"column":null}},"loc":{"start":{"line":65,"column":0},"end":{"line":78,"column":null}}},"3":{"name":"(anonymous_4)","decl":{"start":{"line":69,"column":0},"end":{"line":69,"column":null}},"loc":{"start":{"line":69,"column":0},"end":{"line":71,"column":null}}},"4":{"name":"(anonymous_5)","decl":{"start":{"line":73,"column":0},"end":{"line":73,"column":null}},"loc":{"start":{"line":73,"column":0},"end":{"line":73,"column":null}}},"5":{"name":"(anonymous_6)","decl":{"start":{"line":79,"column":0},"end":{"line":79,"column":null}},"loc":{"start":{"line":79,"column":0},"end":{"line":81,"column":null}}}},"branchMap":{"0":{"loc":{"start":{"line":56,"column":0},"end":{"line":61,"column":null}},"type":"if","locations":[{"start":{"line":56,"column":0},"end":{"line":61,"column":null}},{"start":{"line":56,"column":0},"end":{"line":61,"column":null}}]},"1":{"loc":{"start":{"line":67,"column":0},"end":{"line":76,"column":null}},"type":"if","locations":[{"start":{"line":67,"column":0},"end":{"line":76,"column":null}},{"start":{"line":67,"column":0},"end":{"line":76,"column":null}}]}},"s":{"0":0,"1":0,"2":0,"3":0,"4":0,"5":0,"6":0,"7":0,"8":0,"9":0,"10":0,"11":0,"12":0,"13":0,"14":0,"15":0,"16":0,"17":0},"f":{"0":0,"1":0,"2":0,"3":0,"4":0,"5":0},"b":{"0":[0,0],"1":[0,0]}}
,"C:\\Users\\David\\MyProjects\\portfolio\\assets\\views\\admin\\editPost.vue": {"path":"C:\\Users\\David\\MyProjects\\portfolio\\assets\\views\\admin\\editPost.vue","statementMap":{"0":{"start":{"line":25,"column":0},"end":{"line":25,"column":null}},"1":{"start":{"line":26,"column":0},"end":{"line":26,"column":null}},"2":{"start":{"line":27,"column":0},"end":{"line":27,"column":null}},"3":{"start":{"line":34,"column":0},"end":{"line":34,"column":null}},"4":{"start":{"line":46,"column":0},"end":{"line":55,"column":null}},"5":{"start":{"line":48,"column":0},"end":{"line":48,"column":null}},"6":{"start":{"line":49,"column":0},"end":{"line":49,"column":null}},"7":{"start":{"line":50,"column":0},"end":{"line":50,"column":null}},"8":{"start":{"line":53,"column":0},"end":{"line":53,"column":null}},"9":{"start":{"line":54,"column":0},"end":{"line":54,"column":null}},"10":{"start":{"line":61,"column":0},"end":{"line":61,"column":null}},"11":{"start":{"line":63,"column":0},"end":{"line":74,"column":null}},"12":{"start":{"line":64,"column":0},"end":{"line":64,"column":null}},"13":{"start":{"line":65,"column":0},"end":{"line":65,"column":null}},"14":{"start":{"line":66,"column":0},"end":{"line":66,"column":null}},"15":{"start":{"line":69,"column":0},"end":{"line":73,"column":null}},"16":{"start":{"line":70,"column":0},"end":{"line":70,"column":null}},"17":{"start":{"line":72,"column":0},"end":{"line":72,"column":null}},"18":{"start":{"line":78,"column":0},"end":{"line":80,"column":null}},"19":{"start":{"line":79,"column":0},"end":{"line":79,"column":null}},"20":{"start":{"line":85,"column":0},"end":{"line":94,"column":null}},"21":{"start":{"line":87,"column":0},"end":{"line":89,"column":null}},"22":{"start":{"line":88,"column":0},"end":{"line":88,"column":null}},"23":{"start":{"line":91,"column":0},"end":{"line":91,"column":null}},"24":{"start":{"line":93,"column":0},"end":{"line":93,"column":null}},"25":{"start":{"line":97,"column":0},"end":{"line":97,"column":null}}},"fnMap":{"0":{"name":"(anonymous_1)","decl":{"start":{"line":33,"column":0},"end":{"line":33,"column":null}},"loc":{"start":{"line":33,"column":0},"end":{"line":44,"column":null}}},"1":{"name":"(anonymous_2)","decl":{"start":{"line":45,"column":0},"end":{"line":45,"column":null}},"loc":{"start":{"line":45,"column":0},"end":{"line":56,"column":null}}},"2":{"name":"(anonymous_3)","decl":{"start":{"line":46,"column":0},"end":{"line":46,"column":null}},"loc":{"start":{"line":46,"column":0},"end":{"line":51,"column":null}}},"3":{"name":"(anonymous_4)","decl":{"start":{"line":51,"column":0},"end":{"line":51,"column":null}},"loc":{"start":{"line":51,"column":0},"end":{"line":55,"column":null}}},"4":{"name":"(anonymous_5)","decl":{"start":{"line":59,"column":0},"end":{"line":59,"column":null}},"loc":{"start":{"line":59,"column":0},"end":{"line":75,"column":null}}},"5":{"name":"(anonymous_6)","decl":{"start":{"line":77,"column":0},"end":{"line":77,"column":null}},"loc":{"start":{"line":77,"column":0},"end":{"line":81,"column":null}}},"6":{"name":"(anonymous_7)","decl":{"start":{"line":78,"column":0},"end":{"line":78,"column":null}},"loc":{"start":{"line":78,"column":0},"end":{"line":80,"column":null}}},"7":{"name":"(anonymous_8)","decl":{"start":{"line":83,"column":0},"end":{"line":83,"column":null}},"loc":{"start":{"line":83,"column":0},"end":{"line":95,"column":null}}},"8":{"name":"(anonymous_9)","decl":{"start":{"line":87,"column":0},"end":{"line":87,"column":null}},"loc":{"start":{"line":87,"column":0},"end":{"line":89,"column":null}}},"9":{"name":"(anonymous_10)","decl":{"start":{"line":91,"column":0},"end":{"line":91,"column":null}},"loc":{"start":{"line":91,"column":0},"end":{"line":91,"column":null}}},"10":{"name":"(anonymous_11)","decl":{"start":{"line":96,"column":0},"end":{"line":96,"column":null}},"loc":{"start":{"line":96,"column":0},"end":{"line":98,"column":null}}}},"branchMap":{"0":{"loc":{"start":{"line":69,"column":0},"end":{"line":73,"column":null}},"type":"if","locations":[{"start":{"line":69,"column":0},"end":{"line":73,"column":null}},{"start":{"line":69,"column":0},"end":{"line":73,"column":null}}]},"1":{"loc":{"start":{"line":85,"column":0},"end":{"line":94,"column":null}},"type":"if","locations":[{"start":{"line":85,"column":0},"end":{"line":94,"column":null}},{"start":{"line":85,"column":0},"end":{"line":94,"column":null}}]}},"s":{"0":0,"1":0,"2":0,"3":0,"4":0,"5":0,"6":0,"7":0,"8":0,"9":0,"10":0,"11":0,"12":0,"13":0,"14":0,"15":0,"16":0,"17":0,"18":0,"19":0,"20":0,"21":0,"22":0,"23":0,"24":0,"25":0},"f":{"0":0,"1":0,"2":0,"3":0,"4":0,"5":0,"6":0,"7":0,"8":0,"9":0,"10":0},"b":{"0":[0,0],"1":[0,0]}}
,"C:\\Users\\David\\MyProjects\\portfolio\\assets\\views\\admin\\index.vue": {"path":"C:\\Users\\David\\MyProjects\\portfolio\\assets\\views\\admin\\index.vue","statementMap":{"0":{"start":{"line":119,"column":0},"end":{"line":119,"column":null}},"1":{"start":{"line":120,"column":0},"end":{"line":120,"column":null}},"2":{"start":{"line":121,"column":0},"end":{"line":121,"column":null}},"3":{"start":{"line":127,"column":0},"end":{"line":127,"column":null}},"4":{"start":{"line":133,"column":0},"end":{"line":133,"column":null}},"5":{"start":{"line":140,"column":0},"end":{"line":146,"column":null}},"6":{"start":{"line":142,"column":0},"end":{"line":142,"column":null}},"7":{"start":{"line":145,"column":0},"end":{"line":145,"column":null}},"8":{"start":{"line":149,"column":0},"end":{"line":153,"column":null}},"9":{"start":{"line":151,"column":0},"end":{"line":151,"column":null}},"10":{"start":{"line":152,"column":0},"end":{"line":152,"column":null}},"11":{"start":{"line":157,"column":0},"end":{"line":162,"column":null}},"12":{"start":{"line":158,"column":0},"end":{"line":158,"column":null}},"13":{"start":{"line":159,"column":0},"end":{"line":159,"column":null}},"14":{"start":{"line":161,"column":0},"end":{"line":161,"column":null}}},"fnMap":{"0":{"name":"(anonymous_1)","decl":{"start":{"line":126,"column":0},"end":{"line":126,"column":null}},"loc":{"start":{"line":126,"column":0},"end":{"line":131,"column":null}}},"1":{"name":"(anonymous_2)","decl":{"start":{"line":132,"column":0},"end":{"line":132,"column":null}},"loc":{"start":{"line":132,"column":0},"end":{"line":134,"column":null}}},"2":{"name":"(anonymous_3)","decl":{"start":{"line":139,"column":0},"end":{"line":139,"column":null}},"loc":{"start":{"line":139,"column":0},"end":{"line":147,"column":null}}},"3":{"name":"(anonymous_4)","decl":{"start":{"line":140,"column":0},"end":{"line":140,"column":null}},"loc":{"start":{"line":140,"column":0},"end":{"line":143,"column":null}}},"4":{"name":"(anonymous_5)","decl":{"start":{"line":143,"column":0},"end":{"line":143,"column":null}},"loc":{"start":{"line":143,"column":0},"end":{"line":146,"column":null}}},"5":{"name":"(anonymous_6)","decl":{"start":{"line":148,"column":0},"end":{"line":148,"column":null}},"loc":{"start":{"line":148,"column":0},"end":{"line":155,"column":null}}},"6":{"name":"(anonymous_7)","decl":{"start":{"line":149,"column":0},"end":{"line":149,"column":null}},"loc":{"start":{"line":149,"column":0},"end":{"line":153,"column":null}}},"7":{"name":"(anonymous_8)","decl":{"start":{"line":156,"column":0},"end":{"line":156,"column":null}},"loc":{"start":{"line":156,"column":0},"end":{"line":165,"column":null}}}},"branchMap":{},"s":{"0":0,"1":0,"2":0,"3":0,"4":0,"5":0,"6":0,"7":0,"8":0,"9":0,"10":0,"11":0,"12":0,"13":0,"14":0},"f":{"0":0,"1":0,"2":0,"3":0,"4":0,"5":0,"6":0,"7":0},"b":{}}
,"C:\\Users\\David\\MyProjects\\portfolio\\assets\\views\\blog\\index.vue": {"path":"C:\\Users\\David\\MyProjects\\portfolio\\assets\\views\\blog\\index.vue","statementMap":{"0":{"start":{"line":49,"column":0},"end":{"line":49,"column":null}},"1":{"start":{"line":50,"column":0},"end":{"line":50,"column":null}},"2":{"start":{"line":51,"column":0},"end":{"line":51,"column":null}},"3":{"start":{"line":52,"column":0},"end":{"line":52,"column":null}},"4":{"start":{"line":53,"column":0},"end":{"line":53,"column":null}}},"fnMap":{},"branchMap":{},"s":{"0":0,"1":0,"2":0,"3":0,"4":0},"f":{},"b":{}}
,"C:\\Users\\David\\MyProjects\\portfolio\\assets\\views\\blog\\postDetails.vue": {"path":"C:\\Users\\David\\MyProjects\\portfolio\\assets\\views\\blog\\postDetails.vue","statementMap":{"0":{"start":{"line":17,"column":0},"end":{"line":17,"column":null}},"1":{"start":{"line":18,"column":0},"end":{"line":18,"column":null}},"2":{"start":{"line":19,"column":0},"end":{"line":19,"column":null}},"3":{"start":{"line":25,"column":0},"end":{"line":25,"column":null}},"4":{"start":{"line":31,"column":0},"end":{"line":31,"column":null}},"5":{"start":{"line":36,"column":0},"end":{"line":36,"column":null}},"6":{"start":{"line":40,"column":0},"end":{"line":40,"column":null}},"7":{"start":{"line":47,"column":0},"end":{"line":47,"column":null}},"8":{"start":{"line":49,"column":0},"end":{"line":59,"column":null}},"9":{"start":{"line":51,"column":0},"end":{"line":51,"column":null}},"10":{"start":{"line":55,"column":0},"end":{"line":58,"column":null}},"11":{"start":{"line":56,"column":0},"end":{"line":56,"column":null}},"12":{"start":{"line":57,"column":0},"end":{"line":57,"column":null}}},"fnMap":{"0":{"name":"(anonymous_1)","decl":{"start":{"line":24,"column":0},"end":{"line":24,"column":null}},"loc":{"start":{"line":24,"column":0},"end":{"line":28,"column":null}}},"1":{"name":"(anonymous_2)","decl":{"start":{"line":30,"column":0},"end":{"line":30,"column":null}},"loc":{"start":{"line":30,"column":0},"end":{"line":32,"column":null}}},"2":{"name":"(anonymous_3)","decl":{"start":{"line":35,"column":0},"end":{"line":35,"column":null}},"loc":{"start":{"line":35,"column":0},"end":{"line":37,"column":null}}},"3":{"name":"(anonymous_4)","decl":{"start":{"line":39,"column":0},"end":{"line":39,"column":null}},"loc":{"start":{"line":39,"column":0},"end":{"line":42,"column":null}}},"4":{"name":"(anonymous_5)","decl":{"start":{"line":45,"column":0},"end":{"line":45,"column":null}},"loc":{"start":{"line":45,"column":0},"end":{"line":60,"column":null}}}},"branchMap":{"0":{"loc":{"start":{"line":55,"column":0},"end":{"line":58,"column":null}},"type":"if","locations":[{"start":{"line":55,"column":0},"end":{"line":58,"column":null}},{"start":{"line":55,"column":0},"end":{"line":58,"column":null}}]}},"s":{"0":0,"1":0,"2":0,"3":0,"4":0,"5":0,"6":0,"7":0,"8":0,"9":0,"10":0,"11":0,"12":0},"f":{"0":0,"1":0,"2":0,"3":0,"4":0},"b":{"0":[0,0]}}
,"C:\\Users\\David\\MyProjects\\portfolio\\assets\\views\\home\\home.vue": {"path":"C:\\Users\\David\\MyProjects\\portfolio\\assets\\views\\home\\home.vue","statementMap":{"0":{"start":{"line":530,"column":0},"end":{"line":530,"column":null}},"1":{"start":{"line":531,"column":0},"end":{"line":531,"column":null}},"2":{"start":{"line":532,"column":0},"end":{"line":532,"column":null}},"3":{"start":{"line":533,"column":0},"end":{"line":533,"column":null}},"4":{"start":{"line":534,"column":0},"end":{"line":534,"column":null}},"5":{"start":{"line":542,"column":0},"end":{"line":542,"column":null}},"6":{"start":{"line":549,"column":0},"end":{"line":551,"column":null}},"7":{"start":{"line":550,"column":0},"end":{"line":550,"column":null}},"8":{"start":{"line":554,"column":0},"end":{"line":556,"column":null}},"9":{"start":{"line":555,"column":0},"end":{"line":555,"column":null}}},"fnMap":{"0":{"name":"(anonymous_1)","decl":{"start":{"line":541,"column":0},"end":{"line":541,"column":null}},"loc":{"start":{"line":541,"column":0},"end":{"line":546,"column":null}}},"1":{"name":"(anonymous_2)","decl":{"start":{"line":548,"column":0},"end":{"line":548,"column":null}},"loc":{"start":{"line":548,"column":0},"end":{"line":552,"column":null}}},"2":{"name":"(anonymous_3)","decl":{"start":{"line":553,"column":0},"end":{"line":553,"column":null}},"loc":{"start":{"line":553,"column":0},"end":{"line":557,"column":null}}}},"branchMap":{"0":{"loc":{"start":{"line":549,"column":0},"end":{"line":551,"column":null}},"type":"if","locations":[{"start":{"line":549,"column":0},"end":{"line":551,"column":null}},{"start":{"line":549,"column":0},"end":{"line":551,"column":null}}]},"1":{"loc":{"start":{"line":554,"column":0},"end":{"line":556,"column":null}},"type":"if","locations":[{"start":{"line":554,"column":0},"end":{"line":556,"column":null}},{"start":{"line":554,"column":0},"end":{"line":556,"column":null}}]}},"s":{"0":0,"1":0,"2":0,"3":0,"4":0,"5":0,"6":0,"7":0,"8":0,"9":0},"f":{"0":0,"1":0,"2":0},"b":{"0":[0,0],"1":[0,0]}}
}
